  onelua.c
lutf8lib.obj : warning LNK4006: luaopen_utf8 已在 onelua.obj 中定义；已忽略第二个定义
ltablib.obj : warning LNK4006: luaopen_table 已在 onelua.obj 中定义；已忽略第二个定义
lstrlib.obj : warning LNK4006: luaopen_string 已在 onelua.obj 中定义；已忽略第二个定义
lstate.obj : warning LNK4006: lua_close 已在 onelua.obj 中定义；已忽略第二个定义
lstate.obj : warning LNK4006: lua_newstate 已在 onelua.obj 中定义；已忽略第二个定义
lstate.obj : warning LNK4006: lua_resetthread 已在 onelua.obj 中定义；已忽略第二个定义
lstate.obj : warning LNK4006: lua_newthread 已在 onelua.obj 中定义；已忽略第二个定义
lstate.obj : warning LNK4006: lua_setcstacklimit 已在 onelua.obj 中定义；已忽略第二个定义
loslib.obj : warning LNK4006: luaopen_os 已在 onelua.obj 中定义；已忽略第二个定义
loadlib.obj : warning LNK4006: luaopen_package 已在 onelua.obj 中定义；已忽略第二个定义
lmathlib.obj : warning LNK4006: luaopen_math 已在 onelua.obj 中定义；已忽略第二个定义
liolib.obj : warning LNK4006: luaopen_io 已在 onelua.obj 中定义；已忽略第二个定义
linit.obj : warning LNK4006: luaL_openlibs 已在 onelua.obj 中定义；已忽略第二个定义
ldo.obj : warning LNK4006: lua_yieldk 已在 onelua.obj 中定义；已忽略第二个定义
ldo.obj : warning LNK4006: lua_isyieldable 已在 onelua.obj 中定义；已忽略第二个定义
ldo.obj : warning LNK4006: lua_resume 已在 onelua.obj 中定义；已忽略第二个定义
ldebug.obj : warning LNK4006: lua_getinfo 已在 onelua.obj 中定义；已忽略第二个定义
ldebug.obj : warning LNK4006: lua_setlocal 已在 onelua.obj 中定义；已忽略第二个定义
ldebug.obj : warning LNK4006: lua_getlocal 已在 onelua.obj 中定义；已忽略第二个定义
ldebug.obj : warning LNK4006: lua_getstack 已在 onelua.obj 中定义；已忽略第二个定义
ldebug.obj : warning LNK4006: lua_gethookcount 已在 onelua.obj 中定义；已忽略第二个定义
ldebug.obj : warning LNK4006: lua_gethookmask 已在 onelua.obj 中定义；已忽略第二个定义
ldebug.obj : warning LNK4006: lua_gethook 已在 onelua.obj 中定义；已忽略第二个定义
ldebug.obj : warning LNK4006: lua_sethook 已在 onelua.obj 中定义；已忽略第二个定义
ldblib.obj : warning LNK4006: luaopen_debug 已在 onelua.obj 中定义；已忽略第二个定义
lcorolib.obj : warning LNK4006: luaopen_coroutine 已在 onelua.obj 中定义；已忽略第二个定义
lbaselib.obj : warning LNK4006: luaopen_base 已在 onelua.obj 中定义；已忽略第二个定义
lauxlib.obj : warning LNK4006: luaL_checkversion_ 已在 onelua.obj 中定义；已忽略第二个定义
lauxlib.obj : warning LNK4006: luaL_newstate 已在 onelua.obj 中定义；已忽略第二个定义
lauxlib.obj : warning LNK4006: luaL_gsub 已在 onelua.obj 中定义；已忽略第二个定义
lauxlib.obj : warning LNK4006: luaL_addgsub 已在 onelua.obj 中定义；已忽略第二个定义
lauxlib.obj : warning LNK4006: luaL_requiref 已在 onelua.obj 中定义；已忽略第二个定义
lauxlib.obj : warning LNK4006: luaL_getsubtable 已在 onelua.obj 中定义；已忽略第二个定义
lauxlib.obj : warning LNK4006: luaL_setfuncs 已在 onelua.obj 中定义；已忽略第二个定义
lauxlib.obj : warning LNK4006: luaL_tolstring 已在 onelua.obj 中定义；已忽略第二个定义
lauxlib.obj : warning LNK4006: luaL_len 已在 onelua.obj 中定义；已忽略第二个定义
lauxlib.obj : warning LNK4006: luaL_callmeta 已在 onelua.obj 中定义；已忽略第二个定义
lauxlib.obj : warning LNK4006: luaL_getmetafield 已在 onelua.obj 中定义；已忽略第二个定义
lauxlib.obj : warning LNK4006: luaL_loadstring 已在 onelua.obj 中定义；已忽略第二个定义
lauxlib.obj : warning LNK4006: luaL_loadbufferx 已在 onelua.obj 中定义；已忽略第二个定义
lauxlib.obj : warning LNK4006: luaL_loadfilex 已在 onelua.obj 中定义；已忽略第二个定义
lauxlib.obj : warning LNK4006: luaL_unref 已在 onelua.obj 中定义；已忽略第二个定义
lauxlib.obj : warning LNK4006: luaL_ref 已在 onelua.obj 中定义；已忽略第二个定义
lauxlib.obj : warning LNK4006: luaL_buffinitsize 已在 onelua.obj 中定义；已忽略第二个定义
lauxlib.obj : warning LNK4006: luaL_buffinit 已在 onelua.obj 中定义；已忽略第二个定义
lauxlib.obj : warning LNK4006: luaL_addvalue 已在 onelua.obj 中定义；已忽略第二个定义
lauxlib.obj : warning LNK4006: luaL_pushresultsize 已在 onelua.obj 中定义；已忽略第二个定义
lauxlib.obj : warning LNK4006: luaL_pushresult 已在 onelua.obj 中定义；已忽略第二个定义
lauxlib.obj : warning LNK4006: luaL_addstring 已在 onelua.obj 中定义；已忽略第二个定义
lauxlib.obj : warning LNK4006: luaL_addlstring 已在 onelua.obj 中定义；已忽略第二个定义
lauxlib.obj : warning LNK4006: luaL_prepbuffsize 已在 onelua.obj 中定义；已忽略第二个定义
lauxlib.obj : warning LNK4006: luaL_optinteger 已在 onelua.obj 中定义；已忽略第二个定义
lauxlib.obj : warning LNK4006: luaL_checkinteger 已在 onelua.obj 中定义；已忽略第二个定义
lauxlib.obj : warning LNK4006: luaL_optnumber 已在 onelua.obj 中定义；已忽略第二个定义
lauxlib.obj : warning LNK4006: luaL_checknumber 已在 onelua.obj 中定义；已忽略第二个定义
lauxlib.obj : warning LNK4006: luaL_optlstring 已在 onelua.obj 中定义；已忽略第二个定义
lauxlib.obj : warning LNK4006: luaL_checklstring 已在 onelua.obj 中定义；已忽略第二个定义
lauxlib.obj : warning LNK4006: luaL_checkany 已在 onelua.obj 中定义；已忽略第二个定义
lauxlib.obj : warning LNK4006: luaL_checktype 已在 onelua.obj 中定义；已忽略第二个定义
lauxlib.obj : warning LNK4006: luaL_checkstack 已在 onelua.obj 中定义；已忽略第二个定义
lauxlib.obj : warning LNK4006: luaL_checkoption 已在 onelua.obj 中定义；已忽略第二个定义
lauxlib.obj : warning LNK4006: luaL_checkudata 已在 onelua.obj 中定义；已忽略第二个定义
lauxlib.obj : warning LNK4006: luaL_testudata 已在 onelua.obj 中定义；已忽略第二个定义
lauxlib.obj : warning LNK4006: luaL_setmetatable 已在 onelua.obj 中定义；已忽略第二个定义
lauxlib.obj : warning LNK4006: luaL_newmetatable 已在 onelua.obj 中定义；已忽略第二个定义
lauxlib.obj : warning LNK4006: luaL_execresult 已在 onelua.obj 中定义；已忽略第二个定义
lauxlib.obj : warning LNK4006: luaL_fileresult 已在 onelua.obj 中定义；已忽略第二个定义
lauxlib.obj : warning LNK4006: luaL_error 已在 onelua.obj 中定义；已忽略第二个定义
lauxlib.obj : warning LNK4006: luaL_where 已在 onelua.obj 中定义；已忽略第二个定义
lauxlib.obj : warning LNK4006: luaL_typeerror 已在 onelua.obj 中定义；已忽略第二个定义
lauxlib.obj : warning LNK4006: luaL_argerror 已在 onelua.obj 中定义；已忽略第二个定义
lauxlib.obj : warning LNK4006: luaL_traceback 已在 onelua.obj 中定义；已忽略第二个定义
lapi.obj : warning LNK4006: lua_ident 已在 onelua.obj 中定义；已忽略第二个定义
lapi.obj : warning LNK4006: lua_upvaluejoin 已在 onelua.obj 中定义；已忽略第二个定义
lapi.obj : warning LNK4006: lua_upvalueid 已在 onelua.obj 中定义；已忽略第二个定义
lapi.obj : warning LNK4006: lua_setupvalue 已在 onelua.obj 中定义；已忽略第二个定义
lapi.obj : warning LNK4006: lua_getupvalue 已在 onelua.obj 中定义；已忽略第二个定义
lapi.obj : warning LNK4006: lua_newuserdatauv 已在 onelua.obj 中定义；已忽略第二个定义
lapi.obj : warning LNK4006: lua_warning 已在 onelua.obj 中定义；已忽略第二个定义
lapi.obj : warning LNK4006: lua_setwarnf 已在 onelua.obj 中定义；已忽略第二个定义
lapi.obj : warning LNK4006: lua_setallocf 已在 onelua.obj 中定义；已忽略第二个定义
lapi.obj : warning LNK4006: lua_getallocf 已在 onelua.obj 中定义；已忽略第二个定义
lapi.obj : warning LNK4006: lua_len 已在 onelua.obj 中定义；已忽略第二个定义
lapi.obj : warning LNK4006: lua_concat 已在 onelua.obj 中定义；已忽略第二个定义
lapi.obj : warning LNK4006: lua_toclose 已在 onelua.obj 中定义；已忽略第二个定义
lapi.obj : warning LNK4006: lua_next 已在 onelua.obj 中定义；已忽略第二个定义
lapi.obj : warning LNK4006: lua_error 已在 onelua.obj 中定义；已忽略第二个定义
lapi.obj : warning LNK4006: lua_gc 已在 onelua.obj 中定义；已忽略第二个定义
lapi.obj : warning LNK4006: lua_status 已在 onelua.obj 中定义；已忽略第二个定义
lapi.obj : warning LNK4006: lua_dump 已在 onelua.obj 中定义；已忽略第二个定义
lapi.obj : warning LNK4006: lua_load 已在 onelua.obj 中定义；已忽略第二个定义
lapi.obj : warning LNK4006: lua_pcallk 已在 onelua.obj 中定义；已忽略第二个定义
lapi.obj : warning LNK4006: lua_callk 已在 onelua.obj 中定义；已忽略第二个定义
lapi.obj : warning LNK4006: lua_setiuservalue 已在 onelua.obj 中定义；已忽略第二个定义
lapi.obj : warning LNK4006: lua_setmetatable 已在 onelua.obj 中定义；已忽略第二个定义
lapi.obj : warning LNK4006: lua_rawseti 已在 onelua.obj 中定义；已忽略第二个定义
lapi.obj : warning LNK4006: lua_rawsetp 已在 onelua.obj 中定义；已忽略第二个定义
lapi.obj : warning LNK4006: lua_rawset 已在 onelua.obj 中定义；已忽略第二个定义
lapi.obj : warning LNK4006: lua_seti 已在 onelua.obj 中定义；已忽略第二个定义
lapi.obj : warning LNK4006: lua_setfield 已在 onelua.obj 中定义；已忽略第二个定义
lapi.obj : warning LNK4006: lua_settable 已在 onelua.obj 中定义；已忽略第二个定义
lapi.obj : warning LNK4006: lua_setglobal 已在 onelua.obj 中定义；已忽略第二个定义
lapi.obj : warning LNK4006: lua_getiuservalue 已在 onelua.obj 中定义；已忽略第二个定义
lapi.obj : warning LNK4006: lua_getmetatable 已在 onelua.obj 中定义；已忽略第二个定义
lapi.obj : warning LNK4006: lua_createtable 已在 onelua.obj 中定义；已忽略第二个定义
lapi.obj : warning LNK4006: lua_rawgetp 已在 onelua.obj 中定义；已忽略第二个定义
lapi.obj : warning LNK4006: lua_rawgeti 已在 onelua.obj 中定义；已忽略第二个定义
lapi.obj : warning LNK4006: lua_rawget 已在 onelua.obj 中定义；已忽略第二个定义
lapi.obj : warning LNK4006: lua_geti 已在 onelua.obj 中定义；已忽略第二个定义
lapi.obj : warning LNK4006: lua_getfield 已在 onelua.obj 中定义；已忽略第二个定义
lapi.obj : warning LNK4006: lua_gettable 已在 onelua.obj 中定义；已忽略第二个定义
lapi.obj : warning LNK4006: lua_getglobal 已在 onelua.obj 中定义；已忽略第二个定义
lapi.obj : warning LNK4006: lua_pushthread 已在 onelua.obj 中定义；已忽略第二个定义
lapi.obj : warning LNK4006: lua_pushlightuserdata 已在 onelua.obj 中定义；已忽略第二个定义
lapi.obj : warning LNK4006: lua_pushboolean 已在 onelua.obj 中定义；已忽略第二个定义
lapi.obj : warning LNK4006: lua_pushcclosure 已在 onelua.obj 中定义；已忽略第二个定义
lapi.obj : warning LNK4006: lua_pushfstring 已在 onelua.obj 中定义；已忽略第二个定义
lapi.obj : warning LNK4006: lua_pushvfstring 已在 onelua.obj 中定义；已忽略第二个定义
lapi.obj : warning LNK4006: lua_pushstring 已在 onelua.obj 中定义；已忽略第二个定义
lapi.obj : warning LNK4006: lua_pushlstring 已在 onelua.obj 中定义；已忽略第二个定义
lapi.obj : warning LNK4006: lua_pushinteger 已在 onelua.obj 中定义；已忽略第二个定义
lapi.obj : warning LNK4006: lua_pushnumber 已在 onelua.obj 中定义；已忽略第二个定义
lapi.obj : warning LNK4006: lua_pushnil 已在 onelua.obj 中定义；已忽略第二个定义
lapi.obj : warning LNK4006: lua_topointer 已在 onelua.obj 中定义；已忽略第二个定义
lapi.obj : warning LNK4006: lua_tothread 已在 onelua.obj 中定义；已忽略第二个定义
lapi.obj : warning LNK4006: lua_touserdata 已在 onelua.obj 中定义；已忽略第二个定义
lapi.obj : warning LNK4006: lua_tocfunction 已在 onelua.obj 中定义；已忽略第二个定义
lapi.obj : warning LNK4006: lua_rawlen 已在 onelua.obj 中定义；已忽略第二个定义
lapi.obj : warning LNK4006: lua_tolstring 已在 onelua.obj 中定义；已忽略第二个定义
lapi.obj : warning LNK4006: lua_toboolean 已在 onelua.obj 中定义；已忽略第二个定义
lapi.obj : warning LNK4006: lua_tointegerx 已在 onelua.obj 中定义；已忽略第二个定义
lapi.obj : warning LNK4006: lua_tonumberx 已在 onelua.obj 中定义；已忽略第二个定义
lapi.obj : warning LNK4006: lua_stringtonumber 已在 onelua.obj 中定义；已忽略第二个定义
lapi.obj : warning LNK4006: lua_compare 已在 onelua.obj 中定义；已忽略第二个定义
lapi.obj : warning LNK4006: lua_arith 已在 onelua.obj 中定义；已忽略第二个定义
lapi.obj : warning LNK4006: lua_rawequal 已在 onelua.obj 中定义；已忽略第二个定义
lapi.obj : warning LNK4006: lua_isuserdata 已在 onelua.obj 中定义；已忽略第二个定义
lapi.obj : warning LNK4006: lua_isstring 已在 onelua.obj 中定义；已忽略第二个定义
lapi.obj : warning LNK4006: lua_isnumber 已在 onelua.obj 中定义；已忽略第二个定义
lapi.obj : warning LNK4006: lua_isinteger 已在 onelua.obj 中定义；已忽略第二个定义
lapi.obj : warning LNK4006: lua_iscfunction 已在 onelua.obj 中定义；已忽略第二个定义
lapi.obj : warning LNK4006: lua_typename 已在 onelua.obj 中定义；已忽略第二个定义
lapi.obj : warning LNK4006: lua_type 已在 onelua.obj 中定义；已忽略第二个定义
lapi.obj : warning LNK4006: lua_pushvalue 已在 onelua.obj 中定义；已忽略第二个定义
lapi.obj : warning LNK4006: lua_copy 已在 onelua.obj 中定义；已忽略第二个定义
lapi.obj : warning LNK4006: lua_rotate 已在 onelua.obj 中定义；已忽略第二个定义
lapi.obj : warning LNK4006: lua_closeslot 已在 onelua.obj 中定义；已忽略第二个定义
lapi.obj : warning LNK4006: lua_settop 已在 onelua.obj 中定义；已忽略第二个定义
lapi.obj : warning LNK4006: lua_gettop 已在 onelua.obj 中定义；已忽略第二个定义
lapi.obj : warning LNK4006: lua_absindex 已在 onelua.obj 中定义；已忽略第二个定义
lapi.obj : warning LNK4006: lua_version 已在 onelua.obj 中定义；已忽略第二个定义
lapi.obj : warning LNK4006: lua_atpanic 已在 onelua.obj 中定义；已忽略第二个定义
lapi.obj : warning LNK4006: lua_xmove 已在 onelua.obj 中定义；已忽略第二个定义
lapi.obj : warning LNK4006: lua_checkstack 已在 onelua.obj 中定义；已忽略第二个定义
  Lualib.vcxproj -> C:\Users\liuzh\Downloads\Lualib\x64\Release\Lualib.lib
