c:\users\liuzh\downloads\lualib\x64\release\vc143.pdb
c:\users\liuzh\downloads\lualib\x64\release\lopcodes.obj
c:\users\liuzh\downloads\lualib\x64\release\lobject.obj
c:\users\liuzh\downloads\lualib\x64\release\loadlib.obj
c:\users\liuzh\downloads\lualib\x64\release\lmem.obj
c:\users\liuzh\downloads\lualib\x64\release\lmathlib.obj
c:\users\liuzh\downloads\lualib\x64\release\llex.obj
c:\users\liuzh\downloads\lualib\x64\release\liolib.obj
c:\users\liuzh\downloads\lualib\x64\release\linit.obj
c:\users\liuzh\downloads\lualib\x64\release\lgc.obj
c:\users\liuzh\downloads\lualib\x64\release\lfunc.obj
c:\users\liuzh\downloads\lualib\x64\release\ldump.obj
c:\users\liuzh\downloads\lualib\x64\release\ldo.obj
c:\users\liuzh\downloads\lualib\x64\release\ldebug.obj
c:\users\liuzh\downloads\lualib\x64\release\ldblib.obj
c:\users\liuzh\downloads\lualib\x64\release\lctype.obj
c:\users\liuzh\downloads\lualib\x64\release\lcorolib.obj
c:\users\liuzh\downloads\lualib\x64\release\lcode.obj
c:\users\liuzh\downloads\lualib\x64\release\lbaselib.obj
c:\users\liuzh\downloads\lualib\x64\release\lauxlib.obj
c:\users\liuzh\downloads\lualib\x64\release\lapi.obj
c:\users\liuzh\downloads\lualib\x64\release\onelua.obj
c:\users\liuzh\downloads\lualib\x64\release\lzio.obj
c:\users\liuzh\downloads\lualib\x64\release\lvm.obj
c:\users\liuzh\downloads\lualib\x64\release\lutf8lib.obj
c:\users\liuzh\downloads\lualib\x64\release\lundump.obj
c:\users\liuzh\downloads\lualib\x64\release\lua.obj
c:\users\liuzh\downloads\lualib\x64\release\ltm.obj
c:\users\liuzh\downloads\lualib\x64\release\ltests.obj
c:\users\liuzh\downloads\lualib\x64\release\ltablib.obj
c:\users\liuzh\downloads\lualib\x64\release\ltable.obj
c:\users\liuzh\downloads\lualib\x64\release\lstrlib.obj
c:\users\liuzh\downloads\lualib\x64\release\lstring.obj
c:\users\liuzh\downloads\lualib\x64\release\lstate.obj
c:\users\liuzh\downloads\lualib\x64\release\lparser.obj
c:\users\liuzh\downloads\lualib\x64\release\loslib.obj
c:\users\liuzh\downloads\lualib\x64\release\lualib.pdb
c:\users\liuzh\downloads\lualib\x64\release\lualib.lib
c:\users\liuzh\downloads\lualib\x64\release\lualib.tlog\cl.command.1.tlog
c:\users\liuzh\downloads\lualib\x64\release\lualib.tlog\cl.read.1.tlog
c:\users\liuzh\downloads\lualib\x64\release\lualib.tlog\cl.write.1.tlog
c:\users\liuzh\downloads\lualib\x64\release\lualib.tlog\lib-link.read.1.tlog
c:\users\liuzh\downloads\lualib\x64\release\lualib.tlog\lib-link.write.1.tlog
c:\users\liuzh\downloads\lualib\x64\release\lualib.tlog\lib.command.1.tlog
c:\users\liuzh\downloads\lualib\x64\release\lualib.tlog\link.command.1.tlog
c:\users\liuzh\downloads\lualib\x64\release\lualib.tlog\link.read.1.tlog
c:\users\liuzh\downloads\lualib\x64\release\lualib.tlog\link.write.1.tlog
